 Running Terraform...
[0m[1mdata.aws_vpc.default: Reading...[0m[0m
[0m[1mdata.aws_ami.ubuntu: Reading...[0m[0m
[0m[1mdata.aws_ami.ubuntu: Read complete after 2s [id=ami-09222573bc99a7788][0m
[0m[1mdata.aws_vpc.default: Read complete after 3s [id=vpc-025d0d68dec787966][0m
[0m[1mdata.aws_subnets.default: Reading...[0m[0m
[0m[1maws_security_group.kijanikiosk: Refreshing state... [id=sg-0023e9413875a4956][0m
[0m[1mdata.aws_subnets.default: Read complete after 0s [id=us-west-2][0m
[0m[1mmodule.servers["api"].aws_instance.this: Refreshing state... [id=i-033d14b393807adca][0m
[0m[1mmodule.servers["payments"].aws_instance.this: Refreshing state... [id=i-0ea7fd3533bccf905][0m
[0m[1mmodule.servers["logs"].aws_instance.this: Refreshing state... [id=i-060a4fe9a68133d24][0m

[0m[1m[32mNo changes.[0m[1m Your infrastructure matches the configuration.[0m

[0mTerraform has compared your real infrastructure against your configuration
and found no differences, so no changes are needed.
[0m[1m[32m
Apply complete! Resources: 0 added, 0 changed, 0 destroyed.[0m
[0m[1m[32m
Outputs:

[0mservers_instance_id = {
  "api" = "i-033d14b393807adca"
  "logs" = "i-060a4fe9a68133d24"
  "payments" = "i-0ea7fd3533bccf905"
}
servers_private_ip = {
  "api" = "172.31.63.235"
  "logs" = "172.31.54.138"
  "payments" = "172.31.49.200"
}
servers_public_ip = {
  "api" = "44.234.152.165"
  "logs" = "35.86.17.212"
  "payments" = "184.32.32.128"
}
 Extracting IPs...
 Creating Ansible inventory...
 Running Ansible...

PLAY [Configure KijaniKiosk servers] *******************************************

TASK [Gathering Facts] *********************************************************
ok: [logs]
ok: [api]
ok: [payments]

TASK [Update apt cache] ********************************************************
ok: [logs]
ok: [api]
ok: [payments]

TASK [Install required packages] ***********************************************
ok: [logs]
ok: [payments]
ok: [api]

TASK [Ensure nginx is running] *************************************************
ok: [logs]
ok: [payments]
ok: [api]

TASK [Create application users] ************************************************
ok: [logs]
ok: [api]
ok: [payments]

TASK [Create application directory] ********************************************
ok: [payments]
ok: [logs]
ok: [api]

TASK [Deploy application config] ***********************************************
ok: [logs]
ok: [payments]
ok: [api]

TASK [Deploy systemd service] **************************************************
ok: [api]
ok: [logs]
ok: [payments]

TASK [Reload systemd] **********************************************************
ok: [payments]
ok: [api]
ok: [logs]

TASK [Enable and start service] ************************************************
ok: [payments]
ok: [logs]
ok: [api]

PLAY RECAP *********************************************************************
api                        : ok=10   changed=0    unreachable=0    failed=0    skipped=0    rescued=0    ignored=0   
logs                       : ok=10   changed=0    unreachable=0    failed=0    skipped=0    rescued=0    ignored=0   
payments                   : ok=10   changed=0    unreachable=0    failed=0    skipped=0    rescued=0    ignored=0   

 Pipeline completed successfully!
